{
  "0 debug pnpm:scope": {
    "selected": 1
  },
  "1 debug pnpm:package-manifest": {
    "initial": {
      "name": "test-ssr-react",
      "private": true,
      "version": "0.0.0",
      "type": "module",
      "scripts": {
        "dev": "node server",
        "build": "npm run build:client && npm run build:server",
        "build:client": "vite build --outDir dist/client",
        "build:server": "vite build --ssr src/entry-server.jsx --outDir dist/server",
        "generate": "vite build --outDir dist/static && npm run build:server && node prerender",
        "serve": "cross-env NODE_ENV=production node server",
        "debug": "node --inspect-brk server"
      },
      "dependencies": {
        "react": "^18.2.0",
        "react-dom": "^18.2.0",
        "react-router-dom": "^6.3.0"
      },
      "devDependencies": {
        "@vitejs/plugin-react": "workspace:*",
        "compression": "^1.7.4",
        "cross-env": "^7.0.3",
        "express": "^4.18.1",
        "serve-static": "^1.15.0"
      }
    },
    "prefix": "E:\\my-project\\h-profile"
  },
  "2 debug pnpm:context": {
    "currentLockfileExists": false,
    "storeDir": "E:\\.pnpm-store\\v3",
    "virtualStoreDir": "E:\\my-project\\h-profile\\node_modules\\.pnpm"
  },
  "3 debug pnpm:stage": {
    "prefix": "E:\\my-project\\h-profile",
    "stage": "resolution_started"
  },
  "4 error pnpm": {
    "code": "ERR_PNPM_NO_MATCHING_VERSION_INSIDE_WORKSPACE",
    "pkgsStack": [],
    "err": {
      "name": "pnpm",
      "message": "In : No matching version found for @vitejs/plugin-react@* inside the workspace",
      "code": "ERR_PNPM_NO_MATCHING_VERSION_INSIDE_WORKSPACE",
      "stack": "pnpm: In : No matching version found for @vitejs/plugin-react@* inside the workspace\n    at tryResolveFromWorkspace (C:\\Users\\newPC5\\AppData\\Local\\Yarn\\Data\\global\\node_modules\\pnpm\\dist\\pnpm.cjs:85271:15)\n    at resolveNpm (C:\\Users\\newPC5\\AppData\\Local\\Yarn\\Data\\global\\node_modules\\pnpm\\dist\\pnpm.cjs:85162:39)\n    at Object.resolve (C:\\Users\\newPC5\\AppData\\Local\\Yarn\\Data\\global\\node_modules\\pnpm\\dist\\pnpm.cjs:85394:40)\n    at ctx.requestsQueue.add.priority (C:\\Users\\newPC5\\AppData\\Local\\Yarn\\Data\\global\\node_modules\\pnpm\\dist\\pnpm.cjs:71359:75)\n    at run (C:\\Users\\newPC5\\AppData\\Local\\Yarn\\Data\\global\\node_modules\\pnpm\\dist\\pnpm.cjs:71106:90)\n    at PQueue._tryToStartAnother (C:\\Users\\newPC5\\AppData\\Local\\Yarn\\Data\\global\\node_modules\\pnpm\\dist\\pnpm.cjs:71060:13)\n    at C:\\Users\\newPC5\\AppData\\Local\\Yarn\\Data\\global\\node_modules\\pnpm\\dist\\pnpm.cjs:71119:16\n    at new Promise (<anonymous>)\n    at PQueue.add (C:\\Users\\newPC5\\AppData\\Local\\Yarn\\Data\\global\\node_modules\\pnpm\\dist\\pnpm.cjs:71101:16)\n    at resolveAndFetch (C:\\Users\\newPC5\\AppData\\Local\\Yarn\\Data\\global\\node_modules\\pnpm\\dist\\pnpm.cjs:71359:55)"
    }
  }
}